<?xml version="1.0" encoding="UTF-8"?>
<!-- Generated by org.testng.reporters.JUnitXMLReporter -->
<testsuite hostname="DESKTOP-4334PHR" name="Test" tests="3" failures="0" timestamp="25 Aug 2020 03:05:29 GMT" time="0.165" errors="0">
  <testcase name="test" time="0.129" classname="maven.demo.SampleMavenProj.Demo"/>
  <testcase name="test" time="0.001" classname="maven.demo.SampleMavenProj.TestTest"/>
  <testcase name="third" time="0.001" classname="maven.demo.SampleMavenProj.ThirdTest"/>
</testsuite> <!-- Test -->
