<?xml version="1.0" encoding="UTF-8"?>
<testng-results skipped="0" failed="0" total="3" passed="3">
  <reporter-output>
  </reporter-output>
  <suite name="Suite" duration-ms="165" started-at="2020-08-25T03:05:29Z" finished-at="2020-08-25T03:05:29Z">
    <groups>
    </groups>
    <test name="Test" duration-ms="165" started-at="2020-08-25T03:05:29Z" finished-at="2020-08-25T03:05:29Z">
      <class name="maven.demo.SampleMavenProj.ThirdTest">
        <test-method status="PASS" signature="third()[pri:0, instance:maven.demo.SampleMavenProj.ThirdTest@9629756]" name="third" duration-ms="1" started-at="2020-08-25T08:35:29Z" finished-at="2020-08-25T08:35:29Z">
          <reporter-output>
          </reporter-output>
        </test-method> <!-- third -->
      </class> <!-- maven.demo.SampleMavenProj.ThirdTest -->
      <class name="maven.demo.SampleMavenProj.TestTest">
        <test-method status="PASS" signature="test()[pri:0, instance:maven.demo.SampleMavenProj.TestTest@7f9a81e8]" name="test" duration-ms="1" started-at="2020-08-25T08:35:29Z" finished-at="2020-08-25T08:35:29Z">
          <reporter-output>
          </reporter-output>
        </test-method> <!-- test -->
      </class> <!-- maven.demo.SampleMavenProj.TestTest -->
      <class name="maven.demo.SampleMavenProj.Demo">
        <test-method status="PASS" signature="test()[pri:0, instance:maven.demo.SampleMavenProj.Demo@5034c75a]" name="test" duration-ms="129" started-at="2020-08-25T08:35:29Z" finished-at="2020-08-25T08:35:29Z">
          <reporter-output>
          </reporter-output>
        </test-method> <!-- test -->
      </class> <!-- maven.demo.SampleMavenProj.Demo -->
    </test> <!-- Test -->
  </suite> <!-- Suite -->
</testng-results>
